<?xml version="1.0" encoding="UTF-8"?>
<!-- Generated by org.testng.reporters.JUnitXMLReporter -->
<testsuite ignored="0" hostname="Onkars-MacBook-Air.local" failures="1" tests="1" name="ChromeTest" time="3.396" errors="0" timestamp="2023-08-30T17:38:34 IST">
  <testcase classname="testCases.VerifyName_TC_03" name="checkjacketname" time="0.01">
    <failure type="java.lang.AssertionError" message="null">
      <![CDATA[java.lang.AssertionError: null
at testCases.VerifyName_TC_03.checkjacketname(VerifyName_TC_03.java:31)
at java.base/java.util.ArrayList.forEach(ArrayList.java:1511)
... Removed 31 stack frames]]>
    </failure>
  </testcase> <!-- checkjacketname -->
</testsuite> <!-- ChromeTest -->
