<?xml version="1.0" encoding="UTF-8"?>
<!-- Generated by org.testng.reporters.JUnitXMLReporter -->
<testsuite ignored="0" hostname="Onkars-MacBook-Air.local" failures="0" tests="1" name="Test" time="0.024" errors="0" timestamp="2023-08-20T12:05:57 IST">
  <testcase classname="testBase.BaseClass" name="@BeforeClass setup" time="-1.692513357378E9">
    <failure type="org.testng.TestNGException" message="
Parameter &amp;apos;browser&amp;apos; is required by BeforeClass on method setup but has not been marked @Optional or defined
in /Users/onkarsoundankar/Downloads/Selenium-Udemy-Pavan-Sir/saucedemo/testng.xml">
      <![CDATA[org.testng.TestNGException: 
Parameter 'browser' is required by BeforeClass on method setup but has not been marked @Optional or defined
in /Users/onkarsoundankar/Downloads/Selenium-Udemy-Pavan-Sir/saucedemo/testng.xml
at java.base/java.util.ArrayList.forEach(ArrayList.java:1511)
... Removed 22 stack frames]]>
    </failure>
  </testcase> <!-- @BeforeClass setup -->
  <testcase classname="testCases.LoginTest_01" name="test_login" time="0.0">
    <skipped/>
  </testcase> <!-- test_login -->
</testsuite> <!-- Test -->
